<?xml version="1.0" encoding="UTF-8"?>
<testng-results skipped="0" failed="0" total="1" passed="1">
  <reporter-output>
  </reporter-output>
  <suite name="Default suite" duration-ms="45132" started-at="2016-09-05T16:26:59Z" finished-at="2016-09-05T16:27:44Z">
    <groups>
    </groups>
    <test name="Default test" duration-ms="45132" started-at="2016-09-05T16:26:59Z" finished-at="2016-09-05T16:27:44Z">
      <class name="Testrr">
        <test-method status="PASS" signature="testtry()[pri:0, instance:Testrr@5056dfcb]" name="testtry" duration-ms="45019" started-at="2016-09-05T18:26:59Z" finished-at="2016-09-05T18:27:44Z">
          <reporter-output>
          </reporter-output>
        </test-method> <!-- testtry -->
      </class> <!-- Testrr -->
    </test> <!-- Default test -->
  </suite> <!-- Default suite -->
</testng-results>
